# JRE version: Java(TM) SE Runtime Environment (8.0_181-b13) (build 1.8.0_181-b13)
# Java VM: Java HotSpot(TM) 64-Bit Server VM (25.181-b13 mixed mode windows-amd64 compressed oops)
Heap:
 PSYoungGen      total 183296K, used 119839K [0x00000000d5f00000, 0x00000000e2a00000, 0x0000000100000000)
  eden space 172544K, 69% used [0x00000000d5f00000,0x00000000dd407d40,0x00000000e0780000)
  from space 10752K, 0% used [0x00000000e1200000,0x00000000e1200000,0x00000000e1c80000)
  to   space 10752K, 0% used [0x00000000e0780000,0x00000000e0780000,0x00000000e1200000)
 ParOldGen       total 79360K, used 23249K [0x0000000081c00000, 0x0000000086980000, 0x00000000d5f00000)
  object space 79360K, 29% used [0x0000000081c00000,0x00000000832b4588,0x0000000086980000)
 Metaspace       used 59184K, capacity 62804K, committed 62976K, reserved 1103872K
  class space    used 8265K, capacity 8888K, committed 8960K, reserved 1048576K
GC Heap History (10 events):
Event: 10.431 GC heap before
{Heap before GC invocations=11 (full 1):
 PSYoungGen      total 128512K, used 11116K [0x00000000d5f00000, 0x00000000e1c80000, 0x0000000100000000)
  eden space 119296K, 1% used [0x00000000d5f00000,0x00000000d60e13a0,0x00000000dd380000)
  from space 9216K, 99% used [0x00000000dd380000,0x00000000ddc79c70,0x00000000ddc80000)
  to   space 10752K, 0% used [0x00000000e1200000,0x00000000e1200000,0x00000000e1c80000)
 ParOldGen       total 47616K, used 7729K [0x0000000081c00000, 0x0000000084a80000, 0x00000000d5f00000)
  object space 47616K, 16% used [0x0000000081c00000,0x000000008238c5a8,0x0000000084a80000)
 Metaspace       used 34023K, capacity 35986K, committed 36048K, reserved 1081344K
  class space    used 4587K, capacity 4955K, committed 4992K, reserved 1048576K
Event: 10.437 GC heap after
Heap after GC invocations=11 (full 1):
 PSYoungGen      total 183296K, used 3488K [0x00000000d5f00000, 0x00000000e2a00000, 0x0000000100000000)
  eden space 172544K, 0% used [0x00000000d5f00000,0x00000000d5f00000,0x00000000e0780000)
  from space 10752K, 32% used [0x00000000e1200000,0x00000000e1568000,0x00000000e1c80000)
  to   space 10752K, 0% used [0x00000000e0780000,0x00000000e0780000,0x00000000e1200000)
 ParOldGen       total 47616K, used 10210K [0x0000000081c00000, 0x0000000084a80000, 0x00000000d5f00000)
  object space 47616K, 21% used [0x0000000081c00000,0x00000000825f8ae8,0x0000000084a80000)
 Metaspace       used 34023K, capacity 35986K, committed 36048K, reserved 1081344K
  class space    used 4587K, capacity 4955K, committed 4992K, reserved 1048576K
}
Event: 10.437 GC heap before
{Heap before GC invocations=12 (full 2):
 PSYoungGen      total 183296K, used 3488K [0x00000000d5f00000, 0x00000000e2a00000, 0x0000000100000000)
  eden space 172544K, 0% used [0x00000000d5f00000,0x00000000d5f00000,0x00000000e0780000)
  from space 10752K, 32% used [0x00000000e1200000,0x00000000e1568000,0x00000000e1c80000)
  to   space 10752K, 0% used [0x00000000e0780000,0x00000000e0780000,0x00000000e1200000)
 ParOldGen       total 47616K, used 10210K [0x0000000081c00000, 0x0000000084a80000, 0x00000000d5f00000)
  object space 47616K, 21% used [0x0000000081c00000,0x00000000825f8ae8,0x0000000084a80000)
 Metaspace       used 34023K, capacity 35986K, committed 36048K, reserved 1081344K
  class space    used 4587K, capacity 4955K, committed 4992K, reserved 1048576K
Event: 10.485 GC heap after
Heap after GC invocations=12 (full 2):
 PSYoungGen      total 183296K, used 0K [0x00000000d5f00000, 0x00000000e2a00000, 0x0000000100000000)
  eden space 172544K, 0% used [0x00000000d5f00000,0x00000000d5f00000,0x00000000e0780000)
  from space 10752K, 0% used [0x00000000e1200000,0x00000000e1200000,0x00000000e1c80000)
  to   space 10752K, 0% used [0x00000000e0780000,0x00000000e0780000,0x00000000e1200000)
 ParOldGen       total 57856K, used 11115K [0x0000000081c00000, 0x0000000085480000, 0x00000000d5f00000)
  object space 57856K, 19% used [0x0000000081c00000,0x00000000826dae50,0x0000000085480000)
 Metaspace       used 34023K, capacity 35986K, committed 36048K, reserved 1081344K
  class space    used 4587K, capacity 4955K, committed 4992K, reserved 1048576K
}
Event: 23.305 GC heap before
{Heap before GC invocations=13 (full 2):
 PSYoungGen      total 183296K, used 172544K [0x00000000d5f00000, 0x00000000e2a00000, 0x0000000100000000)
  eden space 172544K, 100% used [0x00000000d5f00000,0x00000000e0780000,0x00000000e0780000)
  from space 10752K, 0% used [0x00000000e1200000,0x00000000e1200000,0x00000000e1c80000)
  to   space 10752K, 0% used [0x00000000e0780000,0x00000000e0780000,0x00000000e1200000)
 ParOldGen       total 57856K, used 11115K [0x0000000081c00000, 0x0000000085480000, 0x00000000d5f00000)
  object space 57856K, 19% used [0x0000000081c00000,0x00000000826dae50,0x0000000085480000)
 Metaspace       used 52921K, capacity 55230K, committed 55424K, reserved 1097728K
  class space    used 7362K, capacity 7803K, committed 7808K, reserved 1048576K
Event: 23.325 GC heap after
Heap after GC invocations=13 (full 2):
 PSYoungGen      total 183296K, used 10733K [0x00000000d5f00000, 0x00000000e2a00000, 0x0000000100000000)
  eden space 172544K, 0% used [0x00000000d5f00000,0x00000000d5f00000,0x00000000e0780000)
  from space 10752K, 99% used [0x00000000e0780000,0x00000000e11fb410,0x00000000e1200000)
  to   space 10752K, 0% used [0x00000000e1200000,0x00000000e1200000,0x00000000e1c80000)
 ParOldGen       total 57856K, used 21405K [0x0000000081c00000, 0x0000000085480000, 0x00000000d5f00000)
  object space 57856K, 36% used [0x0000000081c00000,0x00000000830e76c8,0x0000000085480000)
 Metaspace       used 52921K, capacity 55230K, committed 55424K, reserved 1097728K
  class space    used 7362K, capacity 7803K, committed 7808K, reserved 1048576K
}
Event: 24.502 GC heap before
{Heap before GC invocations=14 (full 2):
 PSYoungGen      total 183296K, used 86526K [0x00000000d5f00000, 0x00000000e2a00000, 0x0000000100000000)
  eden space 172544K, 43% used [0x00000000d5f00000,0x00000000da9045f8,0x00000000e0780000)
  from space 10752K, 99% used [0x00000000e0780000,0x00000000e11fb410,0x00000000e1200000)
  to   space 10752K, 0% used [0x00000000e1200000,0x00000000e1200000,0x00000000e1c80000)
 ParOldGen       total 57856K, used 21405K [0x0000000081c00000, 0x0000000085480000, 0x00000000d5f00000)
  object space 57856K, 36% used [0x0000000081c00000,0x00000000830e76c8,0x0000000085480000)
 Metaspace       used 57006K, capacity 59964K, committed 60080K, reserved 1101824K
  class space    used 7886K, capacity 8418K, committed 8448K, reserved 1048576K
Event: 24.520 GC heap after
Heap after GC invocations=14 (full 2):
 PSYoungGen      total 183296K, used 5937K [0x00000000d5f00000, 0x00000000e2a00000, 0x0000000100000000)
  eden space 172544K, 0% used [0x00000000d5f00000,0x00000000d5f00000,0x00000000e0780000)
  from space 10752K, 55% used [0x00000000e1200000,0x00000000e17cc628,0x00000000e1c80000)
  to   space 10752K, 0% used [0x00000000e0780000,0x00000000e0780000,0x00000000e1200000)
 ParOldGen       total 57856K, used 28431K [0x0000000081c00000, 0x0000000085480000, 0x00000000d5f00000)
  object space 57856K, 49% used [0x0000000081c00000,0x00000000837c3cc0,0x0000000085480000)
 Metaspace       used 57006K, capacity 59964K, committed 60080K, reserved 1101824K
  class space    used 7886K, capacity 8418K, committed 8448K, reserved 1048576K
}
Event: 24.520 GC heap before
{Heap before GC invocations=15 (full 3):
 PSYoungGen      total 183296K, used 5937K [0x00000000d5f00000, 0x00000000e2a00000, 0x0000000100000000)
  eden space 172544K, 0% used [0x00000000d5f00000,0x00000000d5f00000,0x00000000e0780000)
  from space 10752K, 55% used [0x00000000e1200000,0x00000000e17cc628,0x00000000e1c80000)
  to   space 10752K, 0% used [0x00000000e0780000,0x00000000e0780000,0x00000000e1200000)
 ParOldGen       total 57856K, used 28431K [0x0000000081c00000, 0x0000000085480000, 0x00000000d5f00000)
  object space 57856K, 49% used [0x0000000081c00000,0x00000000837c3cc0,0x0000000085480000)
 Metaspace       used 57006K, capacity 59964K, committed 60080K, reserved 1101824K
  class space    used 7886K, capacity 8418K, committed 8448K, reserved 1048576K
Event: 24.673 GC heap after
Heap after GC invocations=15 (full 3):
 PSYoungGen      total 183296K, used 0K [0x00000000d5f00000, 0x00000000e2a00000, 0x0000000100000000)
  eden space 172544K, 0% used [0x00000000d5f00000,0x00000000d5f00000,0x00000000e0780000)
  from space 10752K, 0% used [0x00000000e1200000,0x00000000e1200000,0x00000000e1c80000)
  to   space 10752K, 0% used [0x00000000e0780000,0x00000000e0780000,0x00000000e1200000)
 ParOldGen       total 79360K, used 23249K [0x0000000081c00000, 0x0000000086980000, 0x00000000d5f00000)
  object space 79360K, 29% used [0x0000000081c00000,0x00000000832b4588,0x0000000086980000)
 Metaspace       used 57006K, capacity 59964K, committed 60080K, reserved 1101824K
  class space    used 7886K, capacity 8418K, committed 8448K, reserved 1048576K
}

